<?xml version="1.0" encoding="UTF-8"?>
<!-- Generated by org.testng.reporters.JUnitXMLReporter -->
<testsuite ignored="0" hostname="LAPTOP-1L18HO1S" failures="1" tests="2" name="Test_Chrome" time="89.631" errors="0" timestamp="2024-04-12T16:18:17 IST">
  <testcase classname="Test_Cases_Package.Test_Case_03" name="Test_Case_Login_Page" time="1.377"/>
  <testcase classname="Test_Cases_Package.Test_Case_03" name="Test_Case_Login_Page" time="0.975">
    <failure type="java.lang.AssertionError" message="expected [My Account] but found [Account Login]">
      <![CDATA[java.lang.AssertionError: expected [My Account] but found [Account Login]
at Test_Cases_Package.Test_Case_03.Test_Case_Login_Page(Test_Case_03.java:37)
at java.base/java.util.ArrayList.forEach(ArrayList.java:1511)
at java.base/java.util.concurrent.FutureTask.run(FutureTask.java:317)
at java.base/java.util.concurrent.ThreadPoolExecutor.runWorker(ThreadPoolExecutor.java:1144)
at java.base/java.util.concurrent.ThreadPoolExecutor$Worker.run(ThreadPoolExecutor.java:642)
at java.base/java.lang.Thread.run(Thread.java:1623)
... Removed 21 stack frames]]>
    </failure>
  </testcase> <!-- Test_Case_Login_Page -->
</testsuite> <!-- Test_Chrome -->
